<?xml version="1.0" encoding="UTF-8"?>
<testng-results skipped="0" failed="0" total="1" passed="1">
  <reporter-output>
  </reporter-output>
  <suite name="Default suite" duration-ms="2724" started-at="2022-07-04T11:01:02Z" finished-at="2022-07-04T11:01:04Z">
    <groups>
    </groups>
    <test name="Default test" duration-ms="2724" started-at="2022-07-04T11:01:02Z" finished-at="2022-07-04T11:01:04Z">
      <class name="day1.restassured">
        <test-method status="PASS" signature="createuser(java.lang.String, java.lang.String, java.lang.String, java.lang.String, java.lang.String, java.lang.String, java.lang.String)[pri:0, instance:day1.restassured@34033bd0]" name="createuser" duration-ms="2713" started-at="2022-07-04T16:31:02Z" data-provider="testdata1" finished-at="2022-07-04T16:31:04Z">
          <params>
            <param index="0">
              <value>
                <![CDATA[vinay]]>
              </value>
            </param>
            <param index="1">
              <value>
                <![CDATA[t]]>
              </value>
            </param>
            <param index="2">
              <value>
                <![CDATA[vinay]]>
              </value>
            </param>
            <param index="3">
              <value>
                <![CDATA[vinay@t.com]]>
              </value>
            </param>
            <param index="4">
              <value>
                <![CDATA[123456789]]>
              </value>
            </param>
            <param index="5">
              <value>
                <![CDATA[9988776655]]>
              </value>
            </param>
            <param index="6">
              <value>
                <![CDATA[1]]>
              </value>
            </param>
          </params>
          <reporter-output>
          </reporter-output>
        </test-method> <!-- createuser -->
      </class> <!-- day1.restassured -->
    </test> <!-- Default test -->
  </suite> <!-- Default suite -->
</testng-results>
